c:\users\theob\documents\github\as-pts1\travail\projettutore1\debug\univers.obj
c:\users\theob\documents\github\as-pts1\travail\projettutore1\debug\univers.cod
c:\users\theob\documents\github\as-pts1\travail\projettutore1\debug\terrainconstructor.obj
c:\users\theob\documents\github\as-pts1\travail\projettutore1\debug\terrainconstructor.cod
c:\users\theob\documents\github\as-pts1\travail\projettutore1\debug\terrain.obj
c:\users\theob\documents\github\as-pts1\travail\projettutore1\debug\terrain.cod
c:\users\theob\documents\github\as-pts1\travail\projettutore1\debug\ressourcepack.obj
c:\users\theob\documents\github\as-pts1\travail\projettutore1\debug\ressourcepack.cod
c:\users\theob\documents\github\as-pts1\travail\projettutore1\debug\projettutore1.obj
c:\users\theob\documents\github\as-pts1\travail\projettutore1\debug\projettutore1.cod
c:\users\theob\documents\github\as-pts1\travail\projettutore1\debug\player.obj
c:\users\theob\documents\github\as-pts1\travail\projettutore1\debug\player.cod
c:\users\theob\documents\github\as-pts1\travail\projettutore1\debug\block.obj
c:\users\theob\documents\github\as-pts1\travail\projettutore1\debug\block.cod
c:\users\theob\documents\github\as-pts1\travail\projettutore1\debug\interactiveobject.obj
c:\users\theob\documents\github\as-pts1\travail\projettutore1\debug\interactiveobject.cod
c:\users\theob\documents\github\as-pts1\travail\projettutore1\debug\character.obj
c:\users\theob\documents\github\as-pts1\travail\projettutore1\debug\character.cod
c:\users\theob\documents\github\as-pts1\travail\projettutore1\debug\projettutore1.exe
c:\users\theob\documents\github\as-pts1\travail\projettutore1\debug\projettutore1.ilk
c:\users\theob\documents\github\as-pts1\travail\projettutore1\debug\projettutore1.pdb
c:\users\theob\documents\github\as-pts1\travail\projettutore1\debug\boost_filesystem-vc142-mt-gd-x32-1_77.dll
c:\users\theob\documents\github\as-pts1\travail\projettutore1\debug\sfml-audio-d-2.dll
c:\users\theob\documents\github\as-pts1\travail\projettutore1\debug\sfml-system-d-2.dll
c:\users\theob\documents\github\as-pts1\travail\projettutore1\debug\openal32.dll
c:\users\theob\documents\github\as-pts1\travail\projettutore1\debug\vorbisenc.dll
c:\users\theob\documents\github\as-pts1\travail\projettutore1\debug\vorbis.dll
c:\users\theob\documents\github\as-pts1\travail\projettutore1\debug\ogg.dll
c:\users\theob\documents\github\as-pts1\travail\projettutore1\debug\vorbisfile.dll
c:\users\theob\documents\github\as-pts1\travail\projettutore1\debug\flac.dll
c:\users\theob\documents\github\as-pts1\travail\projettutore1\debug\sfml-graphics-d-2.dll
c:\users\theob\documents\github\as-pts1\travail\projettutore1\debug\sfml-window-d-2.dll
c:\users\theob\documents\github\as-pts1\travail\projettutore1\debug\freetyped.dll
c:\users\theob\documents\github\as-pts1\travail\projettutore1\debug\zlibd1.dll
c:\users\theob\documents\github\as-pts1\travail\projettutore1\debug\bz2d.dll
c:\users\theob\documents\github\as-pts1\travail\projettutore1\debug\libpng16d.dll
c:\users\theob\documents\github\as-pts1\travail\projettutore1\debug\brotlidec.dll
c:\users\theob\documents\github\as-pts1\travail\projettutore1\debug\brotlicommon.dll
c:\users\theob\documents\github\as-pts1\travail\projettutore1\debug\projettutore1.tlog\cl.command.1.tlog
c:\users\theob\documents\github\as-pts1\travail\projettutore1\debug\projettutore1.tlog\cl.read.1.tlog
c:\users\theob\documents\github\as-pts1\travail\projettutore1\debug\projettutore1.tlog\cl.write.1.tlog
c:\users\theob\documents\github\as-pts1\travail\projettutore1\debug\projettutore1.tlog\link.command.1.tlog
c:\users\theob\documents\github\as-pts1\travail\projettutore1\debug\projettutore1.tlog\link.read.1.tlog
c:\users\theob\documents\github\as-pts1\travail\projettutore1\debug\projettutore1.tlog\link.write.1.tlog
c:\users\theob\documents\github\as-pts1\travail\projettutore1\debug\projettutore1.tlog\projettutore1.write.1u.tlog
