  Block.cpp
C:\Users\theob\Documents\GitHub\as-pts1\travail\ProjetTutore1\Block.cpp(7,29): warning C4244: 'argument' : conversion de 'float' en 'T', perte possible de données
          with
          [
              T=int
          ]
C:\Users\theob\Documents\GitHub\as-pts1\travail\ProjetTutore1\Block.cpp(7,26): warning C4244: 'argument' : conversion de 'float' en 'T', perte possible de données
          with
          [
              T=int
          ]
C:\Users\theob\Documents\GitHub\as-pts1\travail\ProjetTutore1\Block.cpp(21,34): warning C4244: 'argument' : conversion de 'float' en 'T', perte possible de données
          with
          [
              T=int
          ]
C:\Users\theob\Documents\GitHub\as-pts1\travail\ProjetTutore1\Block.cpp(21,27): warning C4244: 'argument' : conversion de 'float' en 'T', perte possible de données
          with
          [
              T=int
          ]
  Character.cpp
C:\Users\theob\Documents\GitHub\as-pts1\travail\ProjetTutore1\Character.cpp(61,15): warning C4244: '=' : conversion de 'float' en 'T', perte possible de données
          with
          [
              T=int
          ]
C:\Users\theob\Documents\GitHub\as-pts1\travail\ProjetTutore1\Character.cpp(62,16): warning C4244: '=' : conversion de 'float' en 'T', perte possible de données
          with
          [
              T=int
          ]
  InteractiveObject.cpp
  Player.cpp
C:\Users\theob\Documents\GitHub\as-pts1\travail\ProjetTutore1\Player.cpp(5,7): warning C4244: '=' : conversion de 'int' en 'float', perte possible de données
C:\Users\theob\Documents\GitHub\as-pts1\travail\ProjetTutore1\Player.cpp(6,7): warning C4244: '=' : conversion de 'int' en 'float', perte possible de données
  ProjetTutore1.cpp
  RessourcePack.cpp
C:\Users\theob\Documents\GitHub\as-pts1\travail\ProjetTutore1\RessourcePack.cpp(128,23): warning C4129: 'd' : caractère de séquence d'échappement non reconnu
C:\Users\theob\Documents\GitHub\as-pts1\travail\ProjetTutore1\RessourcePack.cpp(128,23): warning C4129: '.' : caractère de séquence d'échappement non reconnu
  Terrain.cpp
  TerrainConstructor.cpp
  Univers.cpp
  Génération de code en cours
C:\Users\theob\Documents\GitHub\as-pts1\travail\ProjetTutore1\InteractiveObject.cpp(18): warning C4715: 'InteractiveObject::effectPlayer' : les chemins de contrôle ne retournent pas tous une valeur
  311 of 3516 functions ( 8.8%) were compiled, the rest were copied from previous compilation.
    47 functions were new in current compilation
    279 functions had inline decision re-evaluated but remain unchanged
  Fin de la génération du code
  ProjetTutore1.vcxproj -> C:\Users\theob\Documents\GitHub\as-pts1\travail\ProjetTutore1\Release\ProjetTutore1.exe
